# JRE version: Java(TM) SE Runtime Environment (13.0.1+9) (build 13.0.1+9)
# Java VM: Java HotSpot(TM) 64-Bit Server VM (13.0.1+9, mixed mode, sharing, tiered, compressed oops, g1 gc, bsd-amd64)
Heap:
 garbage-first heap   total 130048K, used 59143K [0x0000000700000000, 0x0000000800000000)
  region size 1024K, 3 young (3072K), 2 survivors (2048K)
 Metaspace       used 13247K, capacity 13613K, committed 13824K, reserved 1060864K
  class space    used 1572K, capacity 1741K, committed 1792K, reserved 1048576K
GC Heap History (10 events):
Event: 41.070 GC heap before
{Heap before GC invocations=0 (full 0):
 garbage-first heap   total 264192K, used 122616K [0x0000000700000000, 0x0000000800000000)
  region size 1024K, 24 young (24576K), 0 survivors (0K)
 Metaspace       used 13052K, capacity 13389K, committed 13568K, reserved 1060864K
  class space    used 1554K, capacity 1709K, committed 1792K, reserved 1048576K
}
Event: 41.080 GC heap after
{Heap after GC invocations=1 (full 0):
 garbage-first heap   total 264192K, used 105568K [0x0000000700000000, 0x0000000800000000)
  region size 1024K, 3 young (3072K), 3 survivors (3072K)
 Metaspace       used 13052K, capacity 13389K, committed 13568K, reserved 1060864K
  class space    used 1554K, capacity 1709K, committed 1792K, reserved 1048576K
}
Event: 243.054 GC heap before
{Heap before GC invocations=1 (full 0):
 garbage-first heap   total 264192K, used 119904K [0x0000000700000000, 0x0000000800000000)
  region size 1024K, 7 young (7168K), 3 survivors (3072K)
 Metaspace       used 13167K, capacity 13549K, committed 13824K, reserved 1060864K
  class space    used 1569K, capacity 1741K, committed 1792K, reserved 1048576K
}
Event: 243.068 GC heap after
{Heap after GC invocations=2 (full 0):
 garbage-first heap   total 264192K, used 21987K [0x0000000700000000, 0x0000000800000000)
  region size 1024K, 6 young (6144K), 6 survivors (6144K)
 Metaspace       used 13167K, capacity 13549K, committed 13824K, reserved 1060864K
  class space    used 1569K, capacity 1741K, committed 1792K, reserved 1048576K
}
Event: 243.403 GC heap before
{Heap before GC invocations=3 (full 0):
 garbage-first heap   total 130048K, used 61923K [0x0000000700000000, 0x0000000800000000)
  region size 1024K, 9 young (9216K), 6 survivors (6144K)
 Metaspace       used 13203K, capacity 13549K, committed 13824K, reserved 1060864K
  class space    used 1572K, capacity 1741K, committed 1792K, reserved 1048576K
}
Event: 243.415 GC heap after
{Heap after GC invocations=4 (full 0):
 garbage-first heap   total 130048K, used 48204K [0x0000000700000000, 0x0000000800000000)
  region size 1024K, 2 young (2048K), 2 survivors (2048K)
 Metaspace       used 13203K, capacity 13549K, committed 13824K, reserved 1060864K
  class space    used 1572K, capacity 1741K, committed 1792K, reserved 1048576K
}
Event: 243.528 GC heap before
{Heap before GC invocations=5 (full 0):
 garbage-first heap   total 130048K, used 48204K [0x0000000700000000, 0x0000000800000000)
  region size 1024K, 4 young (4096K), 2 survivors (2048K)
 Metaspace       used 13220K, capacity 13613K, committed 13824K, reserved 1060864K
  class space    used 1572K, capacity 1741K, committed 1792K, reserved 1048576K
}
Event: 243.532 GC heap after
{Heap after GC invocations=6 (full 0):
 garbage-first heap   total 130048K, used 34547K [0x0000000700000000, 0x0000000800000000)
  region size 1024K, 2 young (2048K), 2 survivors (2048K)
 Metaspace       used 13220K, capacity 13613K, committed 13824K, reserved 1060864K
  class space    used 1572K, capacity 1741K, committed 1792K, reserved 1048576K
}
Event: 245.622 GC heap before
{Heap before GC invocations=7 (full 0):
 garbage-first heap   total 130048K, used 62195K [0x0000000700000000, 0x0000000800000000)
  region size 1024K, 7 young (7168K), 2 survivors (2048K)
 Metaspace       used 13247K, capacity 13613K, committed 13824K, reserved 1060864K
  class space    used 1572K, capacity 1741K, committed 1792K, reserved 1048576K
}
Event: 245.626 GC heap after
{Heap after GC invocations=8 (full 0):
 garbage-first heap   total 130048K, used 46855K [0x0000000700000000, 0x0000000800000000)
  region size 1024K, 2 young (2048K), 2 survivors (2048K)
 Metaspace       used 13247K, capacity 13613K, committed 13824K, reserved 1060864K
  class space    used 1572K, capacity 1741K, committed 1792K, reserved 1048576K
}

